Build started 2/20/2014 1:53:12 PM.
     1>Project "C:\Users\billy_000\Documents\Visual Studio 2010\Projects\PhysicsDemo - 2-2-14 - Copy\PhysicsDemo\PhysicsDemo.vcxproj" on node 2 (build target(s)).
     1>InitializeBuildStatus:
         Creating "Debug\PhysicsDemo.unsuccessfulbuild" because "AlwaysCreate" was specified.
       ClCompile:
         c:\Program Files (x86)\Microsoft Visual Studio 10.0\VC\bin\CL.exe /c /I..\include /ZI /nologo /W3 /WX- /Od /Oy- /D WIN32 /D _DEBUG /D _CONSOLE /D _MBCS /D _UNICODE /D UNICODE /Gm /EHsc /RTC1 /MDd /GS /fp:precise /Zc:wchar_t /Zc:forScope /Fo"Debug\\" /Fd"Debug\vc100.pdb" /Gd /TP /analyze- /errorReport:prompt Application.cpp Scene.cpp
         Scene.cpp
     1>c:\users\billy_000\documents\visual studio 2010\projects\physicsdemo - 2-2-14 - copy\physicsdemo\sceneobject.h(45): warning C4244: '=' : conversion from 'double' to 'float', possible loss of data
     1>c:\users\billy_000\documents\visual studio 2010\projects\physicsdemo - 2-2-14 - copy\physicsdemo\sceneobject.h(46): warning C4244: '=' : conversion from 'double' to 'float', possible loss of data
     1>c:\users\billy_000\documents\visual studio 2010\projects\physicsdemo - 2-2-14 - copy\physicsdemo\scene.cpp(26): warning C4244: 'argument' : conversion from 'double' to 'GLfloat', possible loss of data
         Application.cpp
     1>c:\users\billy_000\documents\visual studio 2010\projects\physicsdemo - 2-2-14 - copy\physicsdemo\sceneobject.h(45): warning C4244: '=' : conversion from 'double' to 'float', possible loss of data
     1>c:\users\billy_000\documents\visual studio 2010\projects\physicsdemo - 2-2-14 - copy\physicsdemo\sceneobject.h(46): warning C4244: '=' : conversion from 'double' to 'float', possible loss of data
         Generating Code...
       ManifestResourceCompile:
         All outputs are up-to-date.
       Link:
         c:\Program Files (x86)\Microsoft Visual Studio 10.0\VC\bin\link.exe /ERRORREPORT:PROMPT /OUT:"C:\Users\billy_000\Documents\Visual Studio 2010\Projects\PhysicsDemo - 2-2-14 - Copy\Debug\PhysicsDemo.exe" /INCREMENTAL /NOLOGO kernel32.lib user32.lib gdi32.lib winspool.lib comdlg32.lib advapi32.lib shell32.lib ole32.lib oleaut32.lib uuid.lib odbc32.lib odbccp32.lib /MANIFEST /ManifestFile:"Debug\PhysicsDemo.exe.intermediate.manifest" /MANIFESTUAC:"level='asInvoker' uiAccess='false'" /DEBUG /PDB:"C:\Users\billy_000\Documents\Visual Studio 2010\Projects\PhysicsDemo - 2-2-14 - Copy\Debug\PhysicsDemo.pdb" /SUBSYSTEM:CONSOLE /TLBID:1 /DYNAMICBASE /NXCOMPAT /IMPLIB:"C:\Users\billy_000\Documents\Visual Studio 2010\Projects\PhysicsDemo - 2-2-14 - Copy\Debug\PhysicsDemo.lib" /MACHINE:X86 Debug\PhysicsDemo.exe.embed.manifest.res
         Debug\Application.obj
         Debug\GravityOrb.obj
         Debug\Main.obj
         Debug\Player.obj
         Debug\Scene.obj /ENTRY:"mainCRTStartup" 
       Manifest:
         C:\Program Files (x86)\Microsoft SDKs\Windows\v7.0A\bin\mt.exe /nologo /verbose /out:"Debug\PhysicsDemo.exe.embed.manifest" /manifest Debug\PhysicsDemo.exe.intermediate.manifest
         All outputs are up-to-date.
       LinkEmbedManifest:
         All outputs are up-to-date.
         PhysicsDemo.vcxproj -> C:\Users\billy_000\Documents\Visual Studio 2010\Projects\PhysicsDemo - 2-2-14 - Copy\Debug\PhysicsDemo.exe
       FinalizeBuildStatus:
         Deleting file "Debug\PhysicsDemo.unsuccessfulbuild".
         Touching "Debug\PhysicsDemo.lastbuildstate".
     1>Done Building Project "C:\Users\billy_000\Documents\Visual Studio 2010\Projects\PhysicsDemo - 2-2-14 - Copy\PhysicsDemo\PhysicsDemo.vcxproj" (build target(s)).

Build succeeded.

Time Elapsed 00:00:02.02
