Build started 2/20/2014 1:24:29 PM.
     1>Project "C:\Users\billy_000\Documents\Visual Studio 2010\Projects\Pong-Breaker-SDL\Pong-Breaker-SDL\Pong-Breaker-SDL.vcxproj" on node 2 (build target(s)).
     1>InitializeBuildStatus:
         Creating "Release\Pong-Breaker-SDL.unsuccessfulbuild" because "AlwaysCreate" was specified.
       ClCompile:
         c:\Program Files (x86)\Microsoft Visual Studio 10.0\VC\bin\CL.exe /c /I"C:\SDL2-2.0.1\include" /Zi /nologo /W3 /WX- /O2 /Oi /Oy- /GL /D WIN32 /D NDEBUG /D _WINDOWS /D _UNICODE /D UNICODE /Gm- /EHsc /MD /GS /Gy /fp:precise /Zc:wchar_t /Zc:forScope /Fo"Release\\" /Fd"Release\vc100.pdb" /Gd /TP /analyze- /errorReport:prompt Application.cpp LevelLoader.cpp Main.cpp Object_Ball.cpp Object_Brick.cpp Object_Paddle.cpp State_Intro.cpp State_Menu.cpp State_Play.cpp Timer.cpp Window.cpp
         Application.cpp
         LevelLoader.cpp
         Main.cpp
         Object_Ball.cpp
     1>Object_Ball.cpp(42): warning C4244: 'argument' : conversion from 'double' to 'int', possible loss of data
     1>Object_Ball.cpp(42): warning C4244: 'argument' : conversion from 'double' to 'int', possible loss of data
     1>Object_Ball.cpp(43): warning C4244: 'argument' : conversion from 'double' to 'int', possible loss of data
     1>Object_Ball.cpp(43): warning C4244: 'argument' : conversion from 'double' to 'int', possible loss of data
     1>Object_Ball.cpp(47): warning C4244: 'argument' : conversion from 'double' to 'int', possible loss of data
     1>Object_Ball.cpp(47): warning C4244: 'argument' : conversion from 'double' to 'int', possible loss of data
     1>Object_Ball.cpp(48): warning C4244: 'argument' : conversion from 'double' to 'int', possible loss of data
     1>Object_Ball.cpp(48): warning C4244: 'argument' : conversion from 'double' to 'int', possible loss of data
     1>Object_Ball.cpp(52): warning C4244: 'argument' : conversion from 'double' to 'int', possible loss of data
     1>Object_Ball.cpp(52): warning C4244: 'argument' : conversion from 'double' to 'int', possible loss of data
     1>Object_Ball.cpp(53): warning C4244: 'argument' : conversion from 'double' to 'int', possible loss of data
     1>Object_Ball.cpp(53): warning C4244: 'argument' : conversion from 'double' to 'int', possible loss of data
     1>Object_Ball.cpp(92): warning C4305: 'initializing' : truncation from 'double' to 'const float'
     1>Object_Ball.cpp(99): warning C4244: 'initializing' : conversion from 'int' to 'float', possible loss of data
     1>Object_Ball.cpp(100): warning C4244: 'initializing' : conversion from 'int' to 'float', possible loss of data
     1>Object_Ball.cpp(107): warning C4244: 'initializing' : conversion from 'double' to 'float', possible loss of data
     1>Object_Ball.cpp(108): warning C4244: 'initializing' : conversion from 'int' to 'float', possible loss of data
     1>Object_Ball.cpp(114): warning C4244: 'argument' : conversion from 'double' to 'int', possible loss of data
     1>Object_Ball.cpp(114): warning C4244: 'argument' : conversion from 'double' to 'int', possible loss of data
     1>Object_Ball.cpp(118): warning C4244: 'argument' : conversion from 'double' to 'int', possible loss of data
     1>Object_Ball.cpp(118): warning C4244: 'argument' : conversion from 'double' to 'int', possible loss of data
     1>Object_Ball.cpp(119): warning C4244: 'argument' : conversion from 'double' to 'int', possible loss of data
     1>Object_Ball.cpp(119): warning C4244: 'argument' : conversion from 'double' to 'int', possible loss of data
     1>Object_Ball.cpp(128): warning C4305: 'initializing' : truncation from 'double' to 'const float'
     1>Object_Ball.cpp(135): warning C4244: 'initializing' : conversion from 'int' to 'float', possible loss of data
     1>Object_Ball.cpp(136): warning C4244: 'initializing' : conversion from 'int' to 'float', possible loss of data
     1>Object_Ball.cpp(143): warning C4244: 'initializing' : conversion from 'double' to 'float', possible loss of data
     1>Object_Ball.cpp(144): warning C4244: 'initializing' : conversion from 'int' to 'float', possible loss of data
     1>Object_Ball.cpp(153): warning C4244: 'argument' : conversion from 'double' to 'int', possible loss of data
     1>Object_Ball.cpp(153): warning C4244: 'argument' : conversion from 'double' to 'int', possible loss of data
     1>Object_Ball.cpp(154): warning C4244: 'argument' : conversion from 'double' to 'int', possible loss of data
     1>Object_Ball.cpp(154): warning C4244: 'argument' : conversion from 'double' to 'int', possible loss of data
     1>Object_Ball.cpp(161): warning C4244: 'argument' : conversion from 'double' to 'int', possible loss of data
     1>Object_Ball.cpp(161): warning C4244: 'argument' : conversion from 'double' to 'int', possible loss of data
     1>Object_Ball.cpp(162): warning C4244: 'argument' : conversion from 'double' to 'int', possible loss of data
     1>Object_Ball.cpp(162): warning C4244: 'argument' : conversion from 'double' to 'int', possible loss of data
     1>Object_Ball.cpp(169): warning C4244: 'argument' : conversion from 'double' to 'int', possible loss of data
     1>Object_Ball.cpp(169): warning C4244: 'argument' : conversion from 'double' to 'int', possible loss of data
     1>Object_Ball.cpp(170): warning C4244: 'argument' : conversion from 'double' to 'int', possible loss of data
     1>Object_Ball.cpp(170): warning C4244: 'argument' : conversion from 'double' to 'int', possible loss of data
     1>Object_Ball.cpp(176): warning C4244: 'argument' : conversion from 'double' to 'int', possible loss of data
     1>Object_Ball.cpp(176): warning C4244: 'argument' : conversion from 'double' to 'int', possible loss of data
     1>Object_Ball.cpp(177): warning C4244: 'argument' : conversion from 'double' to 'int', possible loss of data
     1>Object_Ball.cpp(177): warning C4244: 'argument' : conversion from 'double' to 'int', possible loss of data
         Object_Brick.cpp
         Object_Paddle.cpp
     1>Object_Paddle.cpp(51): warning C4244: 'argument' : conversion from 'double' to 'int', possible loss of data
     1>Object_Paddle.cpp(53): warning C4244: 'argument' : conversion from 'double' to 'int', possible loss of data
         State_Intro.cpp
     1>State_Intro.cpp(27): warning C4244: '=' : conversion from 'double' to 'int', possible loss of data
         State_Menu.cpp
     1>State_Menu.cpp(23): warning C4244: '=' : conversion from 'double' to 'int', possible loss of data
     1>State_Menu.cpp(29): warning C4244: '=' : conversion from 'double' to 'int', possible loss of data
         State_Play.cpp
         Timer.cpp
         Window.cpp
       Link:
         c:\Program Files (x86)\Microsoft Visual Studio 10.0\VC\bin\link.exe /ERRORREPORT:PROMPT /OUT:"C:\Users\billy_000\Documents\Visual Studio 2010\Projects\Pong-Breaker-SDL\Release\Pong-Breaker-SDL.exe" /INCREMENTAL:NO /NOLOGO sdl2_image.lib sdl2.lib sdl2main.lib kernel32.lib user32.lib gdi32.lib winspool.lib comdlg32.lib advapi32.lib shell32.lib ole32.lib oleaut32.lib uuid.lib odbc32.lib odbccp32.lib kernel32.lib user32.lib gdi32.lib winspool.lib comdlg32.lib advapi32.lib shell32.lib ole32.lib oleaut32.lib uuid.lib odbc32.lib odbccp32.lib /MANIFEST /ManifestFile:"Release\Pong-Breaker-SDL.exe.intermediate.manifest" /MANIFESTUAC:"level='asInvoker' uiAccess='false'" /DEBUG /PDB:"C:\Users\billy_000\Documents\Visual Studio 2010\Projects\Pong-Breaker-SDL\Release\Pong-Breaker-SDL.pdb" /SUBSYSTEM:CONSOLE /OPT:REF /OPT:ICF /LTCG /TLBID:1 /DYNAMICBASE /NXCOMPAT /IMPLIB:"C:\Users\billy_000\Documents\Visual Studio 2010\Projects\Pong-Breaker-SDL\Release\Pong-Breaker-SDL.lib" /MACHINE:X86 Release\Application.obj
         Release\LevelLoader.obj
         Release\Main.obj
         Release\Object_Ball.obj
         Release\Object_Brick.obj
         Release\Object_Paddle.obj
         Release\State_Intro.obj
         Release\State_Menu.obj
         Release\State_Play.obj
         Release\Timer.obj
         Release\Window.obj
         "..\..\..\..\..\..\..\SDL2-2.0.1\lib\x86\SDL2_ttf.lib"
         "..\..\..\..\..\..\..\SDL2-2.0.1\VisualC\SDLmain\Win32\Debug\SDL2main.lib"
         "..\..\..\..\..\..\..\SDL2-2.0.1\VisualC\SDL\Win32\Debug\SDL2.lib"
         Generating code
         Finished generating code
         Pong-Breaker-SDL.vcxproj -> C:\Users\billy_000\Documents\Visual Studio 2010\Projects\Pong-Breaker-SDL\Release\Pong-Breaker-SDL.exe
       Manifest:
         C:\Program Files (x86)\Microsoft SDKs\Windows\v7.0A\bin\mt.exe /nologo /verbose /outputresource:"C:\Users\billy_000\Documents\Visual Studio 2010\Projects\Pong-Breaker-SDL\Release\Pong-Breaker-SDL.exe;#1" /manifest "Release\Pong-Breaker-SDL.exe.intermediate.manifest"
       FinalizeBuildStatus:
         Deleting file "Release\Pong-Breaker-SDL.unsuccessfulbuild".
         Touching "Release\Pong-Breaker-SDL.lastbuildstate".
     1>Done Building Project "C:\Users\billy_000\Documents\Visual Studio 2010\Projects\Pong-Breaker-SDL\Pong-Breaker-SDL\Pong-Breaker-SDL.vcxproj" (build target(s)).

Build succeeded.

Time Elapsed 00:00:07.54
